Compiling sequential BFS program...
client.cpp:19: warning: "RAPIDJSON_PARSE_ERROR_NORETURN" redefined
   19 | #define RAPIDJSON_PARSE_ERROR_NORETURN(code, offset) \
      | 
In file included from client.cpp:10:
rapidjson/include/rapidjson/reader.h:100: note: this is the location of the previous definition
  100 | #define RAPIDJSON_PARSE_ERROR_NORETURN(parseErrorCode, offset) \
      | 
Compiling parallel BFS program...
client_parallel.cpp:18: warning: "RAPIDJSON_PARSE_ERROR_NORETURN" redefined
   18 | #define RAPIDJSON_PARSE_ERROR_NORETURN(code, offset) \
      | 
In file included from client_parallel.cpp:10:
rapidjson/include/rapidjson/reader.h:100: note: this is the location of the previous definition
  100 | #define RAPIDJSON_PARSE_ERROR_NORETURN(parseErrorCode, offset) \
      | 
Running sequential BFS: Tom Hanks (Depth 2)...
Running parallel BFS: Tom Hanks (Depth 2)...
Running sequential BFS: Matt Damon (Depth 2)...
Running parallel BFS: Matt Damon (Depth 2)...
Running sequential BFS: Tom Hanks (Depth 3)...
Running parallel BFS: Tom Hanks (Depth 3)...
All BFS comparison tasks completed!
